2021-12-21 21:16:58,487 INFO org.springframework.boot.StartupInfoLogger [main] Starting EnjoypadelapiApplication using Java 11.0.11 on Raul with PID 11500 (C:\Users\r_mar\IdeaProjects\enjoypadelapi\target\classes started by Raul in C:\Users\r_mar\IdeaProjects\enjoypadelapi)
2021-12-21 21:16:58,490 INFO org.springframework.boot.SpringApplication [main] No active profile set, falling back to default profiles: default
2021-12-21 21:16:58,951 INFO org.springframework.data.repository.config.RepositoryConfigurationDelegate [main] Bootstrapping Spring Data JPA repositories in DEFAULT mode.
2021-12-21 21:16:59,006 INFO org.springframework.data.repository.config.RepositoryConfigurationDelegate [main] Finished Spring Data repository scanning in 48 ms. Found 6 JPA repository interfaces.
2021-12-21 21:16:59,508 INFO org.springframework.boot.web.embedded.tomcat.TomcatWebServer [main] Tomcat initialized with port(s): 8080 (http)
2021-12-21 21:16:59,515 INFO org.apache.juli.logging.DirectJDKLog [main] Initializing ProtocolHandler ["http-nio-8080"]
2021-12-21 21:16:59,516 INFO org.apache.juli.logging.DirectJDKLog [main] Starting service [Tomcat]
2021-12-21 21:16:59,516 INFO org.apache.juli.logging.DirectJDKLog [main] Starting Servlet engine: [Apache Tomcat/9.0.54]
2021-12-21 21:16:59,605 INFO org.apache.juli.logging.DirectJDKLog [main] Initializing Spring embedded WebApplicationContext
2021-12-21 21:16:59,606 INFO org.springframework.boot.web.servlet.context.ServletWebServerApplicationContext [main] Root WebApplicationContext: initialization completed in 1081 ms
2021-12-21 21:16:59,724 INFO com.zaxxer.hikari.HikariDataSource [main] HikariPool-1 - Starting...
2021-12-21 21:16:59,852 INFO com.zaxxer.hikari.HikariDataSource [main] HikariPool-1 - Start completed.
2021-12-21 21:16:59,856 INFO org.springframework.boot.autoconfigure.h2.H2ConsoleAutoConfiguration [main] H2 console available at '/h2-console'. Database available at 'jdbc:h2:file:C:/Users/r_mar/enjoypadelapi.db'
2021-12-21 21:16:59,952 INFO org.hibernate.jpa.internal.util.LogHelper [main] HHH000204: Processing PersistenceUnitInfo [name: default]
2021-12-21 21:16:59,997 INFO org.hibernate.Version [main] HHH000412: Hibernate ORM core version 5.4.32.Final
2021-12-21 21:17:00,089 INFO org.hibernate.annotations.common.reflection.java.JavaReflectionManager [main] HCANN000001: Hibernate Commons Annotations {5.1.2.Final}
2021-12-21 21:17:00,159 INFO org.hibernate.dialect.Dialect [main] HHH000400: Using dialect: org.hibernate.dialect.H2Dialect
2021-12-21 21:17:00,614 INFO org.hibernate.engine.transaction.jta.platform.internal.JtaPlatformInitiator [main] HHH000490: Using JtaPlatform implementation: [org.hibernate.engine.transaction.jta.platform.internal.NoJtaPlatform]
2021-12-21 21:17:00,620 INFO org.springframework.orm.jpa.AbstractEntityManagerFactoryBean [main] Initialized JPA EntityManagerFactory for persistence unit 'default'
2021-12-21 21:17:00,852 WARN org.springframework.boot.autoconfigure.orm.jpa.JpaBaseConfiguration$JpaWebConfiguration [main] spring.jpa.open-in-view is enabled by default. Therefore, database queries may be performed during view rendering. Explicitly configure spring.jpa.open-in-view to disable this warning
2021-12-21 21:17:01,083 INFO org.apache.juli.logging.DirectJDKLog [main] Starting ProtocolHandler ["http-nio-8080"]
2021-12-21 21:17:01,103 INFO org.springframework.boot.web.embedded.tomcat.TomcatWebServer [main] Tomcat started on port(s): 8080 (http) with context path ''
2021-12-21 21:17:01,110 INFO org.springframework.boot.StartupInfoLogger [main] Started EnjoypadelapiApplication in 3.054 seconds (JVM running for 3.349)
2021-12-21 21:17:02,208 INFO org.apache.juli.logging.DirectJDKLog [http-nio-8080-exec-1] Initializing Spring DispatcherServlet 'dispatcherServlet'
2021-12-21 21:17:02,210 INFO org.springframework.web.servlet.FrameworkServlet [http-nio-8080-exec-1] Initializing Servlet 'dispatcherServlet'
2021-12-21 21:17:02,212 INFO org.springframework.web.servlet.FrameworkServlet [http-nio-8080-exec-1] Completed initialization in 2 ms
2021-12-21 21:17:02,255 INFO com.martin.enjoypadelapi.controller.PlayerController [http-nio-8080-exec-1] Inicio listPlayerTeams
2021-12-21 21:17:02,331 INFO com.martin.enjoypadelapi.controller.PlayerController [http-nio-8080-exec-1] final listPlayerTeams
2021-12-21 21:17:04,682 INFO com.martin.enjoypadelapi.controller.PlayerController [http-nio-8080-exec-3] Inicio listPlayerTeams
2021-12-21 21:17:04,686 INFO com.martin.enjoypadelapi.controller.PlayerController [http-nio-8080-exec-3] final listPlayerTeams
2021-12-21 21:17:43,477 INFO org.springframework.boot.StartupInfoLogger [main] Starting EnjoypadelapiApplication using Java 11.0.11 on Raul with PID 7636 (C:\Users\r_mar\IdeaProjects\enjoypadelapi\target\classes started by Raul in C:\Users\r_mar\IdeaProjects\enjoypadelapi)
2021-12-21 21:17:43,480 INFO org.springframework.boot.SpringApplication [main] No active profile set, falling back to default profiles: default
2021-12-21 21:17:43,881 INFO org.springframework.data.repository.config.RepositoryConfigurationDelegate [main] Bootstrapping Spring Data JPA repositories in DEFAULT mode.
2021-12-21 21:17:43,931 INFO org.springframework.data.repository.config.RepositoryConfigurationDelegate [main] Finished Spring Data repository scanning in 45 ms. Found 6 JPA repository interfaces.
2021-12-21 21:17:44,364 INFO org.springframework.boot.web.embedded.tomcat.TomcatWebServer [main] Tomcat initialized with port(s): 8080 (http)
2021-12-21 21:17:44,369 INFO org.apache.juli.logging.DirectJDKLog [main] Initializing ProtocolHandler ["http-nio-8080"]
2021-12-21 21:17:44,370 INFO org.apache.juli.logging.DirectJDKLog [main] Starting service [Tomcat]
2021-12-21 21:17:44,370 INFO org.apache.juli.logging.DirectJDKLog [main] Starting Servlet engine: [Apache Tomcat/9.0.54]
2021-12-21 21:17:44,431 INFO org.apache.juli.logging.DirectJDKLog [main] Initializing Spring embedded WebApplicationContext
2021-12-21 21:17:44,432 INFO org.springframework.boot.web.servlet.context.ServletWebServerApplicationContext [main] Root WebApplicationContext: initialization completed in 921 ms
2021-12-21 21:17:44,450 INFO com.zaxxer.hikari.HikariDataSource [main] HikariPool-1 - Starting...
2021-12-21 21:17:44,540 INFO com.zaxxer.hikari.HikariDataSource [main] HikariPool-1 - Start completed.
2021-12-21 21:17:44,543 INFO org.springframework.boot.autoconfigure.h2.H2ConsoleAutoConfiguration [main] H2 console available at '/h2-console'. Database available at 'jdbc:h2:file:C:/Users/r_mar/enjoypadelapi.db'
2021-12-21 21:17:44,621 INFO org.hibernate.jpa.internal.util.LogHelper [main] HHH000204: Processing PersistenceUnitInfo [name: default]
2021-12-21 21:17:44,642 INFO org.hibernate.Version [main] HHH000412: Hibernate ORM core version 5.4.32.Final
2021-12-21 21:17:44,706 INFO org.hibernate.annotations.common.reflection.java.JavaReflectionManager [main] HCANN000001: Hibernate Commons Annotations {5.1.2.Final}
2021-12-21 21:17:44,763 INFO org.hibernate.dialect.Dialect [main] HHH000400: Using dialect: org.hibernate.dialect.H2Dialect
2021-12-21 21:17:45,158 INFO org.hibernate.engine.transaction.jta.platform.internal.JtaPlatformInitiator [main] HHH000490: Using JtaPlatform implementation: [org.hibernate.engine.transaction.jta.platform.internal.NoJtaPlatform]
2021-12-21 21:17:45,163 INFO org.springframework.orm.jpa.AbstractEntityManagerFactoryBean [main] Initialized JPA EntityManagerFactory for persistence unit 'default'
2021-12-21 21:17:45,401 WARN org.springframework.boot.autoconfigure.orm.jpa.JpaBaseConfiguration$JpaWebConfiguration [main] spring.jpa.open-in-view is enabled by default. Therefore, database queries may be performed during view rendering. Explicitly configure spring.jpa.open-in-view to disable this warning
2021-12-21 21:17:45,568 INFO org.apache.juli.logging.DirectJDKLog [main] Starting ProtocolHandler ["http-nio-8080"]
2021-12-21 21:17:45,581 INFO org.springframework.boot.web.embedded.tomcat.TomcatWebServer [main] Tomcat started on port(s): 8080 (http) with context path ''
2021-12-21 21:17:45,587 INFO org.springframework.boot.StartupInfoLogger [main] Started EnjoypadelapiApplication in 2.404 seconds (JVM running for 2.677)
2021-12-21 21:17:46,629 INFO org.apache.juli.logging.DirectJDKLog [http-nio-8080-exec-1] Initializing Spring DispatcherServlet 'dispatcherServlet'
2021-12-21 21:17:46,630 INFO org.springframework.web.servlet.FrameworkServlet [http-nio-8080-exec-1] Initializing Servlet 'dispatcherServlet'
2021-12-21 21:17:46,632 INFO org.springframework.web.servlet.FrameworkServlet [http-nio-8080-exec-1] Completed initialization in 1 ms
2021-12-21 21:17:46,669 INFO com.martin.enjoypadelapi.controller.PlayerController [http-nio-8080-exec-1] Inicio listPlayerTeams
2021-12-21 21:17:46,759 INFO com.martin.enjoypadelapi.controller.PlayerController [http-nio-8080-exec-1] final listPlayerTeams
2021-12-21 21:17:56,002 INFO com.martin.enjoypadelapi.controller.PlayerController [http-nio-8080-exec-3] Inicio getPlayers
2021-12-21 21:17:56,086 INFO com.martin.enjoypadelapi.controller.PlayerController [http-nio-8080-exec-3] Final getPlayers
2021-12-21 21:18:04,793 INFO com.martin.enjoypadelapi.controller.TeamController [http-nio-8080-exec-4] Inicio findAllTeams
2021-12-21 21:18:04,800 INFO com.martin.enjoypadelapi.controller.TeamController [http-nio-8080-exec-4] Final findAllTeams
2021-12-21 21:18:11,311 INFO com.martin.enjoypadelapi.controller.PlayerController [http-nio-8080-exec-5] Inicio addPlayerToTeam
2021-12-21 21:18:11,351 INFO com.martin.enjoypadelapi.controller.PlayerController [http-nio-8080-exec-5] Final addPLayerToTeam
2021-12-21 21:18:22,387 INFO com.martin.enjoypadelapi.controller.TeamController [http-nio-8080-exec-6] Inicio listTeamPlayer
2021-12-21 21:18:22,389 INFO com.martin.enjoypadelapi.controller.TeamController [http-nio-8080-exec-6] Final listTeamPlayer
2021-12-21 21:18:30,200 INFO com.martin.enjoypadelapi.controller.PlayerController [http-nio-8080-exec-7] Inicio listPlayerTeams
2021-12-21 21:18:30,204 INFO com.martin.enjoypadelapi.controller.PlayerController [http-nio-8080-exec-7] final listPlayerTeams
