2021-12-13 16:16:55,493 INFO org.springframework.boot.StartupInfoLogger [main] Starting EnjoypadelapiApplication using Java 11.0.11 on Raul with PID 2884 (C:\Users\r_mar\IdeaProjects\enjoypadelapi\target\classes started by Raul in C:\Users\r_mar\IdeaProjects\enjoypadelapi)
2021-12-13 16:16:55,496 INFO org.springframework.boot.SpringApplication [main] No active profile set, falling back to default profiles: default
2021-12-13 16:16:55,941 INFO org.springframework.data.repository.config.RepositoryConfigurationDelegate [main] Bootstrapping Spring Data JPA repositories in DEFAULT mode.
2021-12-13 16:16:55,998 INFO org.springframework.data.repository.config.RepositoryConfigurationDelegate [main] Finished Spring Data repository scanning in 50 ms. Found 6 JPA repository interfaces.
2021-12-13 16:16:56,496 INFO org.springframework.boot.web.embedded.tomcat.TomcatWebServer [main] Tomcat initialized with port(s): 8080 (http)
2021-12-13 16:16:56,508 INFO org.apache.juli.logging.DirectJDKLog [main] Initializing ProtocolHandler ["http-nio-8080"]
2021-12-13 16:16:56,508 INFO org.apache.juli.logging.DirectJDKLog [main] Starting service [Tomcat]
2021-12-13 16:16:56,509 INFO org.apache.juli.logging.DirectJDKLog [main] Starting Servlet engine: [Apache Tomcat/9.0.54]
2021-12-13 16:16:56,589 INFO org.apache.juli.logging.DirectJDKLog [main] Initializing Spring embedded WebApplicationContext
2021-12-13 16:16:56,591 INFO org.springframework.boot.web.servlet.context.ServletWebServerApplicationContext [main] Root WebApplicationContext: initialization completed in 1061 ms
2021-12-13 16:16:56,613 INFO com.zaxxer.hikari.HikariDataSource [main] HikariPool-1 - Starting...
2021-12-13 16:16:56,725 INFO com.zaxxer.hikari.HikariDataSource [main] HikariPool-1 - Start completed.
2021-12-13 16:16:56,729 INFO org.springframework.boot.autoconfigure.h2.H2ConsoleAutoConfiguration [main] H2 console available at '/h2-console'. Database available at 'jdbc:h2:file:C:/Users/r_mar/enjoypadelapi.db'
2021-12-13 16:16:56,817 INFO org.hibernate.jpa.internal.util.LogHelper [main] HHH000204: Processing PersistenceUnitInfo [name: default]
2021-12-13 16:16:56,868 INFO org.hibernate.Version [main] HHH000412: Hibernate ORM core version 5.4.32.Final
2021-12-13 16:16:56,965 INFO org.hibernate.annotations.common.reflection.java.JavaReflectionManager [main] HCANN000001: Hibernate Commons Annotations {5.1.2.Final}
2021-12-13 16:16:57,037 INFO org.hibernate.dialect.Dialect [main] HHH000400: Using dialect: org.hibernate.dialect.H2Dialect
2021-12-13 16:16:57,491 INFO org.hibernate.engine.transaction.jta.platform.internal.JtaPlatformInitiator [main] HHH000490: Using JtaPlatform implementation: [org.hibernate.engine.transaction.jta.platform.internal.NoJtaPlatform]
2021-12-13 16:16:57,496 INFO org.springframework.orm.jpa.AbstractEntityManagerFactoryBean [main] Initialized JPA EntityManagerFactory for persistence unit 'default'
2021-12-13 16:16:57,727 WARN org.springframework.boot.autoconfigure.orm.jpa.JpaBaseConfiguration$JpaWebConfiguration [main] spring.jpa.open-in-view is enabled by default. Therefore, database queries may be performed during view rendering. Explicitly configure spring.jpa.open-in-view to disable this warning
2021-12-13 16:16:57,934 INFO org.apache.juli.logging.DirectJDKLog [main] Starting ProtocolHandler ["http-nio-8080"]
2021-12-13 16:16:57,954 INFO org.springframework.boot.web.embedded.tomcat.TomcatWebServer [main] Tomcat started on port(s): 8080 (http) with context path ''
2021-12-13 16:16:57,961 INFO org.springframework.boot.StartupInfoLogger [main] Started EnjoypadelapiApplication in 2.842 seconds (JVM running for 3.143)
